[0812/194505.448:ERROR:process_info.cc(632)] range at 0x65da2fb800000000, size 0x54 fully unreadable
[0812/194505.447:ERROR:process_info.cc(632)] range at 0x52742fb800000000, size 0x8e fully unreadable
[0812/194505.449:ERROR:process_info.cc(632)] range at 0x5274301c00000000, size 0x8e fully unreadable
[0812/194505.449:ERROR:process_info.cc(632)] range at 0x65da301c00000000, size 0x54 fully unreadable
[0812/194505.449:ERROR:process_info.cc(632)] range at 0x0, size 0x8e fully unreadable
[0812/194505.449:ERROR:process_info.cc(632)] range at 0x0, size 0x54 fully unreadable
[0812/194509.019:ERROR:process_reader_win.cc(242)] ReadMemory at 0x7f6c79e0000 of 64 bytes failed: Only part of a ReadProcessMemory or WriteProcessMemory request was completed. (0x12B)
[0812/194509.020:WARNING:pe_image_reader.cc(281)] could not read dos header from C:\Program Files (x86)\Google\Chrome\Application\chrome.exe
[0812/194509.020:ERROR:process_reader_win.cc(242)] ReadMemory at 0x7ffba190000 of 64 bytes failed: Only part of a ReadProcessMemory or WriteProcessMemory request was completed. (0x12B)
[0812/194509.020:WARNING:pe_image_reader.cc(281)] could not read dos header from C:\WINDOWS\SYSTEM32\ntdll.dll
[0812/194509.020:ERROR:process_reader_win.cc(242)] ReadMemory at 0x7ffb7190000 of 64 bytes failed: Only part of a ReadProcessMemory or WriteProcessMemory request was completed. (0x12B)
[0812/194509.020:WARNING:pe_image_reader.cc(281)] could not read dos header from C:\WINDOWS\system32\KERNELBASE.dll
[0812/194509.020:ERROR:process_reader_win.cc(242)] ReadMemory at 0x7ffb9390000 of 64 bytes failed: Only part of a ReadProcessMemory or WriteProcessMemory request was completed. (0x12B)
[0812/194509.020:WARNING:pe_image_reader.cc(281)] could not read dos header from C:\WINDOWS\system32\KERNEL32.DLL
[0812/194509.020:ERROR:process_reader_win.cc(242)] ReadMemory at 0x7ffb9530000 of 64 bytes failed: Only part of a ReadProcessMemory or WriteProcessMemory request was completed. (0x12B)
[0812/194509.020:WARNING:pe_image_reader.cc(281)] could not read dos header from C:\WINDOWS\system32\msvcrt.dll
[0812/194509.020:ERROR:process_reader_win.cc(242)] ReadMemory at 0x7ffb6310000 of 64 bytes failed: Only part of a ReadProcessMemory or WriteProcessMemory request was completed. (0x12B)
[0812/194509.020:WARNING:pe_image_reader.cc(281)] could not read dos header from C:\WINDOWS\SYSTEM32\VERSION.dll
[0812/194509.020:ERROR:process_reader_win.cc(242)] ReadMemory at 0x7ffa7460000 of 64 bytes failed: Only part of a ReadProcessMemory or WriteProcessMemory request was completed. (0x12B)
[0812/194509.020:WARNING:pe_image_reader.cc(281)] could not read dos header from C:\Program Files (x86)\Google\Chrome\Application\60.0.3112.90\chrome_elf.dll
[0812/194509.020:ERROR:process_reader_win.cc(242)] ReadMemory at 0x7ffb9250000 of 64 bytes failed: Only part of a ReadProcessMemory or WriteProcessMemory request was completed. (0x12B)
[0812/194509.020:WARNING:pe_image_reader.cc(281)] could not read dos header from C:\WINDOWS\system32\RPCRT4.dll
[0812/194509.020:ERROR:process_reader_win.cc(242)] ReadMemory at 0x7ffb9790000 of 64 bytes failed: Only part of a ReadProcessMemory or WriteProcessMemory request was completed. (0x12B)
[0812/194509.020:WARNING:pe_image_reader.cc(281)] could not read dos header from C:\WINDOWS\SYSTEM32\sechost.dll
[0812/194509.020:ERROR:process_reader_win.cc(242)] ReadMemory at 0x7ffb9a00000 of 64 bytes failed: Only part of a ReadProcessMemory or WriteProcessMemory request was completed. (0x12B)
[0812/194509.020:WARNING:pe_image_reader.cc(281)] could not read dos header from C:\WINDOWS\system32\ADVAPI32.dll
[0812/194509.020:ERROR:process_reader_win.cc(242)] ReadMemory at 0x7ffb9120000 of 64 bytes failed: Only part of a ReadProcessMemory or WriteProcessMemory request was completed. (0x12B)
[0812/194509.020:WARNING:pe_image_reader.cc(281)] could not read dos header from C:\WINDOWS\system32\PSAPI.DLL
[0812/194509.020:ERROR:process_reader_win.cc(242)] ReadMemory at 0x7ffb7600000 of 64 bytes failed: Only part of a ReadProcessMemory or WriteProcessMemory request was completed. (0x12B)
[0812/194509.020:WARNING:pe_image_reader.cc(281)] could not read dos header from C:\WINDOWS\SYSTEM32\combase.dll
[0812/194509.020:ERROR:process_reader_win.cc(242)] ReadMemory at 0x7ffb9b20000 of 64 bytes failed: Only part of a ReadProcessMemory or WriteProcessMemory request was completed. (0x12B)
[0812/194509.020:WARNING:pe_image_reader.cc(281)] could not read dos header from C:\WINDOWS\system32\GDI32.dll
[0812/194509.020:ERROR:process_reader_win.cc(242)] ReadMemory at 0x7ffb8f60000 of 64 bytes failed: Only part of a ReadProcessMemory or WriteProcessMemory request was completed. (0x12B)
[0812/194509.020:WARNING:pe_image_reader.cc(281)] could not read dos header from C:\WINDOWS\system32\USER32.dll
[0812/194509.020:ERROR:process_reader_win.cc(242)] ReadMemory at 0x7ffb9130000 of 64 bytes failed: Only part of a ReadProcessMemory or WriteProcessMemory request was completed. (0x12B)
[0812/194509.020:WARNING:pe_image_reader.cc(281)] could not read dos header from C:\WINDOWS\system32\MSCTF.dll
[0812/194509.020:ERROR:process_reader_win.cc(242)] ReadMemory at 0x7ffb9ae0000 of 64 bytes failed: Only part of a ReadProcessMemory or WriteProcessMemory request was completed. (0x12B)
[0812/194509.020:WARNING:pe_image_reader.cc(281)] could not read dos header from C:\WINDOWS\system32\IMM32.DLL
[0812/194509.020:ERROR:process_reader_win.cc(242)] ReadMemory at 0x7ffba140000 of 64 bytes failed: Only part of a ReadProcessMemory or WriteProcessMemory request was completed. (0x12B)
[0812/194509.020:WARNING:pe_image_reader.cc(281)] could not read dos header from C:\WINDOWS\system32\SHLWAPI.dll
[0812/194509.020:ERROR:process_reader_win.cc(242)] ReadMemory at 0x7ffb77b0000 of 64 bytes failed: Only part of a ReadProcessMemory or WriteProcessMemory request was completed. (0x12B)
[0812/194509.020:WARNING:pe_image_reader.cc(281)] could not read dos header from C:\WINDOWS\system32\SHELL32.dll
[0812/194509.020:ERROR:process_reader_win.cc(242)] ReadMemory at 0x7ffb3790000 of 64 bytes failed: Only part of a ReadProcessMemory or WriteProcessMemory request was completed. (0x12B)
[0812/194509.020:WARNING:pe_image_reader.cc(281)] could not read dos header from C:\WINDOWS\SYSTEM32\WINMMBASE.dll
[0812/194509.020:ERROR:process_reader_win.cc(242)] ReadMemory at 0x7ffb37e0000 of 64 bytes failed: Only part of a ReadProcessMemory or WriteProcessMemory request was completed. (0x12B)
[0812/194509.021:WARNING:pe_image_reader.cc(281)] could not read dos header from C:\WINDOWS\SYSTEM32\WINMM.dll
[0812/194509.021:ERROR:process_reader_win.cc(242)] ReadMemory at 0x7ffb70c0000 of 64 bytes failed: Only part of a ReadProcessMemory or WriteProcessMemory request was completed. (0x12B)
[0812/194509.021:WARNING:pe_image_reader.cc(281)] could not read dos header from C:\WINDOWS\SYSTEM32\profapi.dll
[0812/194509.021:ERROR:process_reader_win.cc(242)] ReadMemory at 0x7ffb66f0000 of 64 bytes failed: Only part of a ReadProcessMemory or WriteProcessMemory request was completed. (0x12B)
[0812/194509.021:WARNING:pe_image_reader.cc(281)] could not read dos header from C:\WINDOWS\SYSTEM32\USERENV.dll
[0812/194509.021:ERROR:process_reader_win.cc(242)] ReadMemory at 0x7ffb21d0000 of 64 bytes failed: Only part of a ReadProcessMemory or WriteProcessMemory request was completed. (0x12B)
[0812/194509.021:WARNING:pe_image_reader.cc(281)] could not read dos header from C:\WINDOWS\SYSTEM32\WINHTTP.dll
[0812/194509.021:ERROR:process_reader_win.cc(242)] ReadMemory at 0x7ffb5f30000 of 64 bytes failed: Only part of a ReadProcessMemory or WriteProcessMemory request was completed. (0x12B)
[0812/194509.021:WARNING:pe_image_reader.cc(281)] could not read dos header from C:\WINDOWS\SYSTEM32\shcore.dll
[0812/194509.021:ERROR:process_reader_win.cc(242)] ReadMemory at 0x7ffb97e0000 of 64 bytes failed: Only part of a ReadProcessMemory or WriteProcessMemory request was completed. (0x12B)
[0812/194509.021:WARNING:pe_image_reader.cc(281)] could not read dos header from C:\WINDOWS\system32\ole32.dll
[0812/194509.021:ERROR:process_reader_win.cc(242)] ReadMemory at 0x7ffb8cc0000 of 64 bytes failed: Only part of a ReadProcessMemory or WriteProcessMemory request was completed. (0x12B)
[0812/194509.021:WARNING:pe_image_reader.cc(281)] could not read dos header from C:\WINDOWS\system32\OLEAUT32.dll
[0812/194509.021:ERROR:process_reader_win.cc(242)] ReadMemory at 0x7ffb99f0000 of 64 bytes failed: Only part of a ReadProcessMemory or WriteProcessMemory request was completed. (0x12B)
[0812/194509.021:WARNING:pe_image_reader.cc(281)] could not read dos header from C:\WINDOWS\system32\NSI.dll
[0812/194509.021:ERROR:process_reader_win.cc(242)] ReadMemory at 0x7ffb9970000 of 64 bytes failed: Only part of a ReadProcessMemory or WriteProcessMemory request was completed. (0x12B)
[0812/194509.021:WARNING:pe_image_reader.cc(281)] could not read dos header from C:\WINDOWS\system32\WS2_32.dll
[0812/194509.021:ERROR:process_reader_win.cc(242)] ReadMemory at 0x7ffb4570000 of 64 bytes failed: Only part of a ReadProcessMemory or WriteProcessMemory request was completed. (0x12B)
[0812/194509.021:WARNING:pe_image_reader.cc(281)] could not read dos header from C:\WINDOWS\WinSxS\amd64_microsoft.windows.common-controls_6595b64144ccf1df_6.0.9200.17359_none_4188b989718cf1c6\COMCTL32.dll
[0812/194509.021:ERROR:process_reader_win.cc(242)] ReadMemory at 0x7ffb9e60000 of 64 bytes failed: Only part of a ReadProcessMemory or WriteProcessMemory request was completed. (0x12B)
[0812/194509.021:WARNING:pe_image_reader.cc(281)] could not read dos header from C:\WINDOWS\system32\COMDLG32.dll
[0812/194509.021:ERROR:process_reader_win.cc(242)] ReadMemory at 0x7ffb61a0000 of 64 bytes failed: Only part of a ReadProcessMemory or WriteProcessMemory request was completed. (0x12B)
[0812/194509.021:WARNING:pe_image_reader.cc(281)] could not read dos header from C:\WINDOWS\SYSTEM32\dbghelp.dll
[0812/194509.021:ERROR:process_reader_win.cc(242)] ReadMemory at 0x7ffb2830000 of 64 bytes failed: Only part of a ReadProcessMemory or WriteProcessMemory request was completed. (0x12B)
[0812/194509.021:WARNING:pe_image_reader.cc(281)] could not read dos header from C:\WINDOWS\SYSTEM32\USP10.dll
[0812/194509.021:ERROR:process_reader_win.cc(242)] ReadMemory at 0x7ffb3570000 of 64 bytes failed: Only part of a ReadProcessMemory or WriteProcessMemory request was completed. (0x12B)
[0812/194509.021:WARNING:pe_image_reader.cc(281)] could not read dos header from C:\WINDOWS\SYSTEM32\WINSPOOL.DRV
[0812/194509.021:ERROR:process_reader_win.cc(242)] ReadMemory at 0x7ffb3e20000 of 64 bytes failed: Only part of a ReadProcessMemory or WriteProcessMemory request was completed. (0x12B)
[0812/194509.021:WARNING:pe_image_reader.cc(281)] could not read dos header from C:\WINDOWS\SYSTEM32\DWrite.dll
[0812/194509.021:ERROR:process_reader_win.cc(242)] ReadMemory at 0x7ffb7170000 of 64 bytes failed: Only part of a ReadProcessMemory or WriteProcessMemory request was completed. (0x12B)
[0812/194509.021:WARNING:pe_image_reader.cc(281)] could not read dos header from C:\WINDOWS\system32\MSASN1.dll
[0812/194509.021:ERROR:process_reader_win.cc(242)] ReadMemory at 0x7ffb72c0000 of 64 bytes failed: Only part of a ReadProcessMemory or WriteProcessMemory request was completed. (0x12B)
[0812/194509.021:WARNING:pe_image_reader.cc(281)] could not read dos header from C:\WINDOWS\system32\CRYPT32.dll
[0812/194509.021:ERROR:process_reader_win.cc(242)] ReadMemory at 0x7ffb1df0000 of 64 bytes failed: Only part of a ReadProcessMemory or WriteProcessMemory request was completed. (0x12B)
[0812/194509.021:WARNING:pe_image_reader.cc(281)] could not read dos header from C:\WINDOWS\SYSTEM32\WINNSI.DLL
[0812/194509.021:ERROR:process_reader_win.cc(242)] ReadMemory at 0x7ffb2290000 of 64 bytes failed: Only part of a ReadProcessMemory or WriteProcessMemory request was completed. (0x12B)
[0812/194509.021:WARNING:pe_image_reader.cc(281)] could not read dos header from C:\WINDOWS\SYSTEM32\IPHLPAPI.DLL
[0812/194509.021:ERROR:process_reader_win.cc(242)] ReadMemory at 0x7ffacd70000 of 64 bytes failed: Only part of a ReadProcessMemory or WriteProcessMemory request was completed. (0x12B)
[0812/194509.021:WARNING:pe_image_reader.cc(281)] could not read dos header from C:\WINDOWS\SYSTEM32\Secur32.dll
[0812/194509.021:ERROR:process_reader_win.cc(242)] ReadMemory at 0x7ffb8aa0000 of 64 bytes failed: Only part of a ReadProcessMemory or WriteProcessMemory request was completed. (0x12B)
[0812/194509.021:WARNING:pe_image_reader.cc(281)] could not read dos header from C:\WINDOWS\system32\iertutil.dll
[0812/194509.021:ERROR:process_reader_win.cc(242)] ReadMemory at 0x7ffb9f10000 of 64 bytes failed: Only part of a ReadProcessMemory or WriteProcessMemory request was completed. (0x12B)
[0812/194509.021:WARNING:pe_image_reader.cc(281)] could not read dos header from C:\WINDOWS\system32\WININET.dll
[0812/194509.021:ERROR:process_reader_win.cc(242)] ReadMemory at 0x5466520000 of 64 bytes failed: Only part of a ReadProcessMemory or WriteProcessMemory request was completed. (0x12B)
[0812/194509.021:WARNING:pe_image_reader.cc(281)] could not read dos header from C:\WINDOWS\system32\urlmon.dll
[0812/194509.021:ERROR:process_reader_win.cc(242)] ReadMemory at 0x7ffb75a0000 of 64 bytes failed: Only part of a ReadProcessMemory or WriteProcessMemory request was completed. (0x12B)
[0812/194509.021:WARNING:pe_image_reader.cc(281)] could not read dos header from C:\WINDOWS\system32\WINTRUST.dll
[0812/194509.021:ERROR:process_reader_win.cc(242)] ReadMemory at 0x7ffb6e70000 of 64 bytes failed: Only part of a ReadProcessMemory or WriteProcessMemory request was completed. (0x12B)
[0812/194509.021:WARNING:pe_image_reader.cc(281)] could not read dos header from C:\WINDOWS\SYSTEM32\SSPICLI.DLL
[0812/194509.021:ERROR:process_reader_win.cc(242)] ReadMemory at 0x7ff898a0000 of 64 bytes failed: Only part of a ReadProcessMemory or WriteProcessMemory request was completed. (0x12B)
[0812/194509.021:WARNING:pe_image_reader.cc(281)] could not read dos header from C:\Program Files (x86)\Google\Chrome\Application\60.0.3112.90\chrome_child.dll
[0812/194509.021:ERROR:process_reader_win.cc(242)] ReadMemory at 0x7ffb6ea0000 of 64 bytes failed: Only part of a ReadProcessMemory or WriteProcessMemory request was completed. (0x12B)
[0812/194509.022:WARNING:pe_image_reader.cc(281)] could not read dos header from C:\WINDOWS\SYSTEM32\bcryptPrimitives.dll
[0812/194509.022:ERROR:process_reader_win.cc(242)] ReadMemory at 0x7ffb6f00000 of 64 bytes failed: Only part of a ReadProcessMemory or WriteProcessMemory request was completed. (0x12B)
[0812/194509.022:WARNING:pe_image_reader.cc(281)] could not read dos header from C:\WINDOWS\SYSTEM32\cryptbase.dll
[0812/194509.027:ERROR:process_reader_win.cc(242)] ReadMemory at 0x7f6c79e0000 of 64 bytes failed: Only part of a ReadProcessMemory or WriteProcessMemory request was completed. (0x12B)
[0812/194509.027:WARNING:pe_image_reader.cc(281)] could not read dos header from C:\Program Files (x86)\Google\Chrome\Application\chrome.exe
[0812/194509.027:ERROR:process_reader_win.cc(242)] ReadMemory at 0x7ffba190000 of 64 bytes failed: Only part of a ReadProcessMemory or WriteProcessMemory request was completed. (0x12B)
[0812/194509.027:WARNING:pe_image_reader.cc(281)] could not read dos header from C:\WINDOWS\SYSTEM32\ntdll.dll
[0812/194509.027:ERROR:process_reader_win.cc(242)] ReadMemory at 0x7ffb7190000 of 64 bytes failed: Only part of a ReadProcessMemory or WriteProcessMemory request was completed. (0x12B)
[0812/194509.027:WARNING:pe_image_reader.cc(281)] could not read dos header from C:\WINDOWS\system32\KERNELBASE.dll
[0812/194509.027:ERROR:process_reader_win.cc(242)] ReadMemory at 0x7ffb9390000 of 64 bytes failed: Only part of a ReadProcessMemory or WriteProcessMemory request was completed. (0x12B)
[0812/194509.027:WARNING:pe_image_reader.cc(281)] could not read dos header from C:\WINDOWS\system32\KERNEL32.DLL
[0812/194509.027:ERROR:process_reader_win.cc(242)] ReadMemory at 0x7ffb9530000 of 64 bytes failed: Only part of a ReadProcessMemory or WriteProcessMemory request was completed. (0x12B)
[0812/194509.027:WARNING:pe_image_reader.cc(281)] could not read dos header from C:\WINDOWS\system32\msvcrt.dll
[0812/194509.027:ERROR:process_reader_win.cc(242)] ReadMemory at 0x7ffb6310000 of 64 bytes failed: Only part of a ReadProcessMemory or WriteProcessMemory request was completed. (0x12B)
[0812/194509.027:WARNING:pe_image_reader.cc(281)] could not read dos header from C:\WINDOWS\SYSTEM32\VERSION.dll
[0812/194509.027:ERROR:process_reader_win.cc(242)] ReadMemory at 0x7ffa7460000 of 64 bytes failed: Only part of a ReadProcessMemory or WriteProcessMemory request was completed. (0x12B)
[0812/194509.027:WARNING:pe_image_reader.cc(281)] could not read dos header from C:\Program Files (x86)\Google\Chrome\Application\60.0.3112.90\chrome_elf.dll
[0812/194509.027:ERROR:process_reader_win.cc(242)] ReadMemory at 0x7ffb9250000 of 64 bytes failed: Only part of a ReadProcessMemory or WriteProcessMemory request was completed. (0x12B)
[0812/194509.027:WARNING:pe_image_reader.cc(281)] could not read dos header from C:\WINDOWS\system32\RPCRT4.dll
[0812/194509.027:ERROR:process_reader_win.cc(242)] ReadMemory at 0x7ffb9790000 of 64 bytes failed: Only part of a ReadProcessMemory or WriteProcessMemory request was completed. (0x12B)
[0812/194509.027:WARNING:pe_image_reader.cc(281)] could not read dos header from C:\WINDOWS\SYSTEM32\sechost.dll
[0812/194509.027:ERROR:process_reader_win.cc(242)] ReadMemory at 0x7ffb9a00000 of 64 bytes failed: Only part of a ReadProcessMemory or WriteProcessMemory request was completed. (0x12B)
[0812/194509.027:WARNING:pe_image_reader.cc(281)] could not read dos header from C:\WINDOWS\system32\ADVAPI32.dll
[0812/194509.028:ERROR:process_reader_win.cc(242)] ReadMemory at 0x7ffb9120000 of 64 bytes failed: Only part of a ReadProcessMemory or WriteProcessMemory request was completed. (0x12B)
[0812/194509.028:WARNING:pe_image_reader.cc(281)] could not read dos header from C:\WINDOWS\system32\PSAPI.DLL
[0812/194509.028:ERROR:process_reader_win.cc(242)] ReadMemory at 0x7ffb7600000 of 64 bytes failed: Only part of a ReadProcessMemory or WriteProcessMemory request was completed. (0x12B)
[0812/194509.028:WARNING:pe_image_reader.cc(281)] could not read dos header from C:\WINDOWS\SYSTEM32\combase.dll
[0812/194509.028:ERROR:process_reader_win.cc(242)] ReadMemory at 0x7ffb9b20000 of 64 bytes failed: Only part of a ReadProcessMemory or WriteProcessMemory request was completed. (0x12B)
[0812/194509.028:WARNING:pe_image_reader.cc(281)] could not read dos header from C:\WINDOWS\system32\GDI32.dll
[0812/194509.028:ERROR:process_reader_win.cc(242)] ReadMemory at 0x7ffb8f60000 of 64 bytes failed: Only part of a ReadProcessMemory or WriteProcessMemory request was completed. (0x12B)
[0812/194509.028:WARNING:pe_image_reader.cc(281)] could not read dos header from C:\WINDOWS\system32\USER32.dll
[0812/194509.028:ERROR:process_reader_win.cc(242)] ReadMemory at 0x7ffb9130000 of 64 bytes failed: Only part of a ReadProcessMemory or WriteProcessMemory request was completed. (0x12B)
[0812/194509.028:WARNING:pe_image_reader.cc(281)] could not read dos header from C:\WINDOWS\system32\MSCTF.dll
[0812/194509.028:ERROR:process_reader_win.cc(242)] ReadMemory at 0x7ffb9ae0000 of 64 bytes failed: Only part of a ReadProcessMemory or WriteProcessMemory request was completed. (0x12B)
[0812/194509.028:WARNING:pe_image_reader.cc(281)] could not read dos header from C:\WINDOWS\system32\IMM32.DLL
[0812/194509.028:ERROR:process_reader_win.cc(242)] ReadMemory at 0x7ffba140000 of 64 bytes failed: Only part of a ReadProcessMemory or WriteProcessMemory request was completed. (0x12B)
[0812/194509.028:WARNING:pe_image_reader.cc(281)] could not read dos header from C:\WINDOWS\system32\SHLWAPI.dll
[0812/194509.028:ERROR:process_reader_win.cc(242)] ReadMemory at 0x7ffb77b0000 of 64 bytes failed: Only part of a ReadProcessMemory or WriteProcessMemory request was completed. (0x12B)
[0812/194509.028:WARNING:pe_image_reader.cc(281)] could not read dos header from C:\WINDOWS\system32\SHELL32.dll
[0812/194509.028:ERROR:process_reader_win.cc(242)] ReadMemory at 0x7ffb3790000 of 64 bytes failed: Only part of a ReadProcessMemory or WriteProcessMemory request was completed. (0x12B)
[0812/194509.028:WARNING:pe_image_reader.cc(281)] could not read dos header from C:\WINDOWS\SYSTEM32\WINMMBASE.dll
[0812/194509.028:ERROR:process_reader_win.cc(242)] ReadMemory at 0x7ffb37e0000 of 64 bytes failed: Only part of a ReadProcessMemory or WriteProcessMemory request was completed. (0x12B)
[0812/194509.028:WARNING:pe_image_reader.cc(281)] could not read dos header from C:\WINDOWS\SYSTEM32\WINMM.dll
[0812/194509.028:ERROR:process_reader_win.cc(242)] ReadMemory at 0x7ffb70c0000 of 64 bytes failed: Only part of a ReadProcessMemory or WriteProcessMemory request was completed. (0x12B)
[0812/194509.028:WARNING:pe_image_reader.cc(281)] could not read dos header from C:\WINDOWS\SYSTEM32\profapi.dll
[0812/194509.028:ERROR:process_reader_win.cc(242)] ReadMemory at 0x7ffb66f0000 of 64 bytes failed: Only part of a ReadProcessMemory or WriteProcessMemory request was completed. (0x12B)
[0812/194509.028:WARNING:pe_image_reader.cc(281)] could not read dos header from C:\WINDOWS\SYSTEM32\USERENV.dll
[0812/194509.028:ERROR:process_reader_win.cc(242)] ReadMemory at 0x7ffb21d0000 of 64 bytes failed: Only part of a ReadProcessMemory or WriteProcessMemory request was completed. (0x12B)
[0812/194509.028:WARNING:pe_image_reader.cc(281)] could not read dos header from C:\WINDOWS\SYSTEM32\WINHTTP.dll
[0812/194509.028:ERROR:process_reader_win.cc(242)] ReadMemory at 0x7ffb5f30000 of 64 bytes failed: Only part of a ReadProcessMemory or WriteProcessMemory request was completed. (0x12B)
[0812/194509.028:WARNING:pe_image_reader.cc(281)] could not read dos header from C:\WINDOWS\SYSTEM32\shcore.dll
[0812/194509.028:ERROR:process_reader_win.cc(242)] ReadMemory at 0x7ffb97e0000 of 64 bytes failed: Only part of a ReadProcessMemory or WriteProcessMemory request was completed. (0x12B)
[0812/194509.028:WARNING:pe_image_reader.cc(281)] could not read dos header from C:\WINDOWS\system32\ole32.dll
[0812/194509.028:ERROR:process_reader_win.cc(242)] ReadMemory at 0x7ffb8cc0000 of 64 bytes failed: Only part of a ReadProcessMemory or WriteProcessMemory request was completed. (0x12B)
[0812/194509.028:WARNING:pe_image_reader.cc(281)] could not read dos header from C:\WINDOWS\system32\OLEAUT32.dll
[0812/194509.029:ERROR:process_reader_win.cc(242)] ReadMemory at 0x7ffb99f0000 of 64 bytes failed: Only part of a ReadProcessMemory or WriteProcessMemory request was completed. (0x12B)
[0812/194509.029:WARNING:pe_image_reader.cc(281)] could not read dos header from C:\WINDOWS\system32\NSI.dll
[0812/194509.029:ERROR:process_reader_win.cc(242)] ReadMemory at 0x7ffb9970000 of 64 bytes failed: Only part of a ReadProcessMemory or WriteProcessMemory request was completed. (0x12B)
[0812/194509.029:WARNING:pe_image_reader.cc(281)] could not read dos header from C:\WINDOWS\system32\WS2_32.dll
[0812/194509.029:ERROR:process_reader_win.cc(242)] ReadMemory at 0x7ffb4570000 of 64 bytes failed: Only part of a ReadProcessMemory or WriteProcessMemory request was completed. (0x12B)
[0812/194509.029:WARNING:pe_image_reader.cc(281)] could not read dos header from C:\WINDOWS\WinSxS\amd64_microsoft.windows.common-controls_6595b64144ccf1df_6.0.9200.17359_none_4188b989718cf1c6\COMCTL32.dll
[0812/194509.029:ERROR:process_reader_win.cc(242)] ReadMemory at 0x7ffb9e60000 of 64 bytes failed: Only part of a ReadProcessMemory or WriteProcessMemory request was completed. (0x12B)
[0812/194509.029:WARNING:pe_image_reader.cc(281)] could not read dos header from C:\WINDOWS\system32\COMDLG32.dll
[0812/194509.029:ERROR:process_reader_win.cc(242)] ReadMemory at 0x7ffb61a0000 of 64 bytes failed: Only part of a ReadProcessMemory or WriteProcessMemory request was completed. (0x12B)
[0812/194509.029:WARNING:pe_image_reader.cc(281)] could not read dos header from C:\WINDOWS\SYSTEM32\dbghelp.dll
[0812/194509.029:ERROR:process_reader_win.cc(242)] ReadMemory at 0x7ffb2830000 of 64 bytes failed: Only part of a ReadProcessMemory or WriteProcessMemory request was completed. (0x12B)
[0812/194509.029:WARNING:pe_image_reader.cc(281)] could not read dos header from C:\WINDOWS\SYSTEM32\USP10.dll
[0812/194509.029:ERROR:process_reader_win.cc(242)] ReadMemory at 0x7ffb3570000 of 64 bytes failed: Only part of a ReadProcessMemory or WriteProcessMemory request was completed. (0x12B)
[0812/194509.029:WARNING:pe_image_reader.cc(281)] could not read dos header from C:\WINDOWS\SYSTEM32\WINSPOOL.DRV
[0812/194509.029:ERROR:process_reader_win.cc(242)] ReadMemory at 0x7ffb3e20000 of 64 bytes failed: Only part of a ReadProcessMemory or WriteProcessMemory request was completed. (0x12B)
[0812/194509.029:WARNING:pe_image_reader.cc(281)] could not read dos header from C:\WINDOWS\SYSTEM32\DWrite.dll
[0812/194509.029:ERROR:process_reader_win.cc(242)] ReadMemory at 0x7ffb7170000 of 64 bytes failed: Only part of a ReadProcessMemory or WriteProcessMemory request was completed. (0x12B)
[0812/194509.029:WARNING:pe_image_reader.cc(281)] could not read dos header from C:\WINDOWS\system32\MSASN1.dll
[0812/194509.029:ERROR:process_reader_win.cc(242)] ReadMemory at 0x7ffb72c0000 of 64 bytes failed: Only part of a ReadProcessMemory or WriteProcessMemory request was completed. (0x12B)
[0812/194509.029:WARNING:pe_image_reader.cc(281)] could not read dos header from C:\WINDOWS\system32\CRYPT32.dll
[0812/194509.029:ERROR:process_reader_win.cc(242)] ReadMemory at 0x7ffb1df0000 of 64 bytes failed: Only part of a ReadProcessMemory or WriteProcessMemory request was completed. (0x12B)
[0812/194509.029:WARNING:pe_image_reader.cc(281)] could not read dos header from C:\WINDOWS\SYSTEM32\WINNSI.DLL
[0812/194509.029:ERROR:process_reader_win.cc(242)] ReadMemory at 0x7ffb2290000 of 64 bytes failed: Only part of a ReadProcessMemory or WriteProcessMemory request was completed. (0x12B)
[0812/194509.029:WARNING:pe_image_reader.cc(281)] could not read dos header from C:\WINDOWS\SYSTEM32\IPHLPAPI.DLL
[0812/194509.029:ERROR:process_reader_win.cc(242)] ReadMemory at 0x7ffacd70000 of 64 bytes failed: Only part of a ReadProcessMemory or WriteProcessMemory request was completed. (0x12B)
[0812/194509.029:WARNING:pe_image_reader.cc(281)] could not read dos header from C:\WINDOWS\SYSTEM32\Secur32.dll
[0812/194509.029:ERROR:process_reader_win.cc(242)] ReadMemory at 0x7ffb8aa0000 of 64 bytes failed: Only part of a ReadProcessMemory or WriteProcessMemory request was completed. (0x12B)
[0812/194509.029:WARNING:pe_image_reader.cc(281)] could not read dos header from C:\WINDOWS\system32\iertutil.dll
[0812/194509.029:ERROR:process_reader_win.cc(242)] ReadMemory at 0x7ffb9f10000 of 64 bytes failed: Only part of a ReadProcessMemory or WriteProcessMemory request was completed. (0x12B)
[0812/194509.029:WARNING:pe_image_reader.cc(281)] could not read dos header from C:\WINDOWS\system32\WININET.dll
[0812/194509.029:ERROR:process_reader_win.cc(242)] ReadMemory at 0x8e52e30000 of 64 bytes failed: Only part of a ReadProcessMemory or WriteProcessMemory request was completed. (0x12B)
[0812/194509.029:WARNING:pe_image_reader.cc(281)] could not read dos header from C:\WINDOWS\system32\urlmon.dll
[0812/194509.029:ERROR:process_reader_win.cc(242)] ReadMemory at 0x7ffb75a0000 of 64 bytes failed: Only part of a ReadProcessMemory or WriteProcessMemory request was completed. (0x12B)
[0812/194509.030:WARNING:pe_image_reader.cc(281)] could not read dos header from C:\WINDOWS\system32\WINTRUST.dll
[0812/194509.030:ERROR:process_reader_win.cc(242)] ReadMemory at 0x7ffb6e70000 of 64 bytes failed: Only part of a ReadProcessMemory or WriteProcessMemory request was completed. (0x12B)
[0812/194509.030:WARNING:pe_image_reader.cc(281)] could not read dos header from C:\WINDOWS\SYSTEM32\SSPICLI.DLL
[0812/194509.030:ERROR:process_reader_win.cc(242)] ReadMemory at 0x7ff898a0000 of 64 bytes failed: Only part of a ReadProcessMemory or WriteProcessMemory request was completed. (0x12B)
[0812/194509.030:WARNING:pe_image_reader.cc(281)] could not read dos header from C:\Program Files (x86)\Google\Chrome\Application\60.0.3112.90\chrome_child.dll
[0812/194509.030:ERROR:process_reader_win.cc(242)] ReadMemory at 0x7ffb6ea0000 of 64 bytes failed: Only part of a ReadProcessMemory or WriteProcessMemory request was completed. (0x12B)
[0812/194509.030:WARNING:pe_image_reader.cc(281)] could not read dos header from C:\WINDOWS\SYSTEM32\bcryptPrimitives.dll
[0812/194509.030:ERROR:process_reader_win.cc(242)] ReadMemory at 0x7ffb6f00000 of 64 bytes failed: Only part of a ReadProcessMemory or WriteProcessMemory request was completed. (0x12B)
[0812/194509.030:WARNING:pe_image_reader.cc(281)] could not read dos header from C:\WINDOWS\SYSTEM32\cryptbase.dll
[0812/194509.033:ERROR:process_reader_win.cc(242)] ReadMemory at 0x5465cde000 of 73728 bytes failed: Only part of a ReadProcessMemory or WriteProcessMemory request was completed. (0x12B)
[0812/194509.033:ERROR:crash_report_exception_handler.cc(116)] WriteEverything failed
[0812/194509.039:ERROR:process_reader_win.cc(242)] ReadMemory at 0x8e5267e000 of 73728 bytes failed: Only part of a ReadProcessMemory or WriteProcessMemory request was completed. (0x12B)
[0812/194509.039:ERROR:crash_report_exception_handler.cc(116)] WriteEverything failed
[0812/194509.074:ERROR:scoped_process_suspend.cc(39)] NtResumeProcess: An attempt was made to access an exiting process.  (0xc000010a)
[0812/194509.036:ERROR:scoped_process_suspend.cc(39)] NtResumeProcess: An attempt was made to access an exiting process.  (0xc000010a)
[0812/201316.361:ERROR:process_info.cc(632)] range at 0x104b2fb800000000, size 0x3b fully unreadable
[0812/201316.361:ERROR:process_info.cc(632)] range at 0x104b301e00000000, size 0x3b fully unreadable
[0812/201316.362:ERROR:process_info.cc(632)] range at 0x0, size 0x3b fully unreadable
[0812/201316.366:ERROR:process_info.cc(632)] range at 0xb5fc2fb800000000, size 0x8d fully unreadable
[0812/201316.366:ERROR:process_info.cc(632)] range at 0xb5fc301e00000000, size 0x8d fully unreadable
[0812/201316.366:ERROR:process_info.cc(632)] range at 0x0, size 0x8d fully unreadable
